<?xml version="1.0" encoding="UTF-8"?>
<!-- Generated by org.testng.reporters.JUnitXMLReporter -->
<testsuite ignored="0" hostname="DhananjayP-PC" failures="1" tests="1" name="Default test" time="1.832" errors="0" timestamp="2024-02-16T15:45:04 IST">
  <testcase classname="day6_SchemaValidation.JSON_SchemaValidation" name="JsonSchemaValidation" time="1.779">
    <failure type="java.lang.AssertionError" message="1 expectation failed.
Response body doesn&amp;apos;t match expectation.
Expected: The content to match the given JSON schema.
error: object instance has properties which are not allowed by the schema: [&amp;quot;book&amp;quot;]
    level: &amp;quot;error&amp;quot;
    schema: {&amp;quot;loadingURI&amp;quot;:&amp;quot;file:/C:/Dhananjay_Proj/RestAssure/target/test-classes/storeDataSchema.json#&amp;quot;,&amp;quot;pointer&amp;quot;:&amp;quot;/definitions/Welcome3&amp;quot;}
    instance: {&amp;quot;pointer&amp;quot;:&amp;quot;&amp;quot;}
    domain: &amp;quot;validation&amp;quot;
    keyword: &amp;quot;additionalProperties&amp;quot;
    unwanted: [&amp;quot;book&amp;quot;]
error: object has missing required properties ([&amp;quot;storeData&amp;quot;])
    level: &amp;quot;error&amp;quot;
    schema: {&amp;quot;loadingURI&amp;quot;:&amp;quot;file:/C:/Dhananjay_Proj/RestAssure/target/test-classes/storeDataSchema.json#&amp;quot;,&amp;quot;pointer&amp;quot;:&amp;quot;/definitions/Welcome3&amp;quot;}
    instance: {&amp;quot;pointer&amp;quot;:&amp;quot;&amp;quot;}
    domain: &amp;quot;validation&amp;quot;
    keyword: &amp;quot;required&amp;quot;
    required: [&amp;quot;storeData&amp;quot;]
    missing: [&amp;quot;storeData&amp;quot;]

  Actual: {
  &amp;quot;book&amp;quot;: [
    {
      &amp;quot;author&amp;quot;: &amp;quot;Heman Malviya&amp;quot;,
      &amp;quot;category&amp;quot;: &amp;quot;Friction&amp;quot;,
      &amp;quot;lsbn&amp;quot;: &amp;quot;45-567-6789&amp;quot;,
      &amp;quot;price&amp;quot;: 267,
      &amp;quot;title&amp;quot;: &amp;quot;The lord of ring&amp;quot;
    },
    {
      &amp;quot;author&amp;quot;: &amp;quot;Mohan Bhagwat Malviya&amp;quot;,
      &amp;quot;category&amp;quot;: &amp;quot;Romantic&amp;quot;,
      &amp;quot;lsbn&amp;quot;: &amp;quot;06-167-4789&amp;quot;,
      &amp;quot;price&amp;quot;: 571.98,
      &amp;quot;title&amp;quot;: &amp;quot;Two State&amp;quot;
    },
    {
      &amp;quot;author&amp;quot;: &amp;quot;Ricky Jhonsons&amp;quot;,
      &amp;quot;category&amp;quot;: &amp;quot;Horror&amp;quot;,
      &amp;quot;lsbn&amp;quot;: &amp;quot;98-456-6789&amp;quot;,
      &amp;quot;price&amp;quot;: 749.99,
      &amp;quot;title&amp;quot;: &amp;quot;Long Distance&amp;quot;
    }
  ]
}
">
      <![CDATA[java.lang.AssertionError: 1 expectation failed.
Response body doesn't match expectation.
Expected: The content to match the given JSON schema.
error: object instance has properties which are not allowed by the schema: ["book"]
    level: "error"
    schema: {"loadingURI":"file:/C:/Dhananjay_Proj/RestAssure/target/test-classes/storeDataSchema.json#","pointer":"/definitions/Welcome3"}
    instance: {"pointer":""}
    domain: "validation"
    keyword: "additionalProperties"
    unwanted: ["book"]
error: object has missing required properties (["storeData"])
    level: "error"
    schema: {"loadingURI":"file:/C:/Dhananjay_Proj/RestAssure/target/test-classes/storeDataSchema.json#","pointer":"/definitions/Welcome3"}
    instance: {"pointer":""}
    domain: "validation"
    keyword: "required"
    required: ["storeData"]
    missing: ["storeData"]

  Actual: {
  "book": [
    {
      "author": "Heman Malviya",
      "category": "Friction",
      "lsbn": "45-567-6789",
      "price": 267,
      "title": "The lord of ring"
    },
    {
      "author": "Mohan Bhagwat Malviya",
      "category": "Romantic",
      "lsbn": "06-167-4789",
      "price": 571.98,
      "title": "Two State"
    },
    {
      "author": "Ricky Jhonsons",
      "category": "Horror",
      "lsbn": "98-456-6789",
      "price": 749.99,
      "title": "Long Distance"
    }
  ]
}

at java.base/jdk.internal.reflect.NativeConstructorAccessorImpl.newInstance0(Native Method)
at java.base/jdk.internal.reflect.NativeConstructorAccessorImpl.newInstance(NativeConstructorAccessorImpl.java:77)
at java.base/jdk.internal.reflect.DelegatingConstructorAccessorImpl.newInstance(DelegatingConstructorAccessorImpl.java:45)
at java.base/java.lang.reflect.Constructor.newInstanceWithCaller(Constructor.java:499)
at java.base/java.lang.reflect.Constructor.newInstance(Constructor.java:480)
at org.codehaus.groovy.reflection.CachedConstructor.invoke(CachedConstructor.java:73)
at org.codehaus.groovy.runtime.callsite.ConstructorSite$ConstructorSiteNoUnwrapNoCoerce.callConstructor(ConstructorSite.java:108)
at org.codehaus.groovy.runtime.callsite.CallSiteArray.defaultCallConstructor(CallSiteArray.java:57)
at org.codehaus.groovy.runtime.callsite.AbstractCallSite.callConstructor(AbstractCallSite.java:263)
at org.codehaus.groovy.runtime.callsite.AbstractCallSite.callConstructor(AbstractCallSite.java:277)
at io.restassured.internal.ResponseSpecificationImpl$HamcrestAssertionClosure.validate(ResponseSpecificationImpl.groovy:512)
at io.restassured.internal.ResponseSpecificationImpl$HamcrestAssertionClosure$validate$1.call(Unknown Source)
at org.codehaus.groovy.runtime.callsite.CallSiteArray.defaultCall(CallSiteArray.java:45)
at org.codehaus.groovy.runtime.callsite.AbstractCallSite.call(AbstractCallSite.java:125)
at org.codehaus.groovy.runtime.callsite.AbstractCallSite.call(AbstractCallSite.java:139)
at io.restassured.internal.ResponseSpecificationImpl.validateResponseIfRequired(ResponseSpecificationImpl.groovy:696)
at io.restassured.internal.ResponseSpecificationImpl.this$2$validateResponseIfRequired(ResponseSpecificationImpl.groovy)
at java.base/jdk.internal.reflect.NativeMethodAccessorImpl.invoke0(Native Method)
at java.base/jdk.internal.reflect.NativeMethodAccessorImpl.invoke(NativeMethodAccessorImpl.java:77)
at java.base/jdk.internal.reflect.DelegatingMethodAccessorImpl.invoke(DelegatingMethodAccessorImpl.java:43)
at java.base/java.lang.reflect.Method.invoke(Method.java:568)
at org.codehaus.groovy.runtime.callsite.PlainObjectMetaMethodSite.doInvoke(PlainObjectMetaMethodSite.java:43)
at org.codehaus.groovy.runtime.callsite.PogoMetaMethodSite$PogoCachedMethodSiteNoUnwrapNoCoerce.invoke(PogoMetaMethodSite.java:198)
at org.codehaus.groovy.runtime.callsite.PogoMetaMethodSite.callCurrent(PogoMetaMethodSite.java:62)
at org.codehaus.groovy.runtime.callsite.CallSiteArray.defaultCallCurrent(CallSiteArray.java:49)
at org.codehaus.groovy.runtime.callsite.AbstractCallSite.callCurrent(AbstractCallSite.java:171)
at org.codehaus.groovy.runtime.callsite.AbstractCallSite.callCurrent(AbstractCallSite.java:185)
at io.restassured.internal.ResponseSpecificationImpl.body(ResponseSpecificationImpl.groovy:107)
at io.restassured.internal.ValidatableResponseOptionsImpl.body(ValidatableResponseOptionsImpl.java:238)
at day6_SchemaValidation.JSON_SchemaValidation.JsonSchemaValidation(JSON_SchemaValidation.java:19)
at java.base/jdk.internal.reflect.NativeMethodAccessorImpl.invoke0(Native Method)
at java.base/jdk.internal.reflect.NativeMethodAccessorImpl.invoke(NativeMethodAccessorImpl.java:77)
at java.base/jdk.internal.reflect.DelegatingMethodAccessorImpl.invoke(DelegatingMethodAccessorImpl.java:43)
at java.base/java.lang.reflect.Method.invoke(Method.java:568)
at org.testng.internal.invokers.MethodInvocationHelper.invokeMethod(MethodInvocationHelper.java:139)
at org.testng.internal.invokers.TestInvoker.invokeMethod(TestInvoker.java:664)
at org.testng.internal.invokers.TestInvoker.invokeTestMethod(TestInvoker.java:227)
at org.testng.internal.invokers.MethodRunner.runInSequence(MethodRunner.java:50)
at org.testng.internal.invokers.TestInvoker$MethodInvocationAgent.invoke(TestInvoker.java:957)
at org.testng.internal.invokers.TestInvoker.invokeTestMethods(TestInvoker.java:200)
at org.testng.internal.invokers.TestMethodWorker.invokeTestMethods(TestMethodWorker.java:148)
at org.testng.internal.invokers.TestMethodWorker.run(TestMethodWorker.java:128)
at java.base/java.util.ArrayList.forEach(ArrayList.java:1511)
at org.testng.TestRunner.privateRun(TestRunner.java:848)
at org.testng.TestRunner.run(TestRunner.java:621)
at org.testng.SuiteRunner.runTest(SuiteRunner.java:443)
at org.testng.SuiteRunner.runSequentially(SuiteRunner.java:437)
at org.testng.SuiteRunner.privateRun(SuiteRunner.java:397)
at org.testng.SuiteRunner.run(SuiteRunner.java:336)
at org.testng.SuiteRunnerWorker.runSuite(SuiteRunnerWorker.java:52)
at org.testng.SuiteRunnerWorker.run(SuiteRunnerWorker.java:95)
at org.testng.TestNG.runSuitesSequentially(TestNG.java:1280)
at org.testng.TestNG.runSuitesLocally(TestNG.java:1200)
at org.testng.TestNG.runSuites(TestNG.java:1114)
at org.testng.TestNG.run(TestNG.java:1082)
at org.testng.remote.AbstractRemoteTestNG.run(AbstractRemoteTestNG.java:115)
at org.testng.remote.RemoteTestNG.initAndRun(RemoteTestNG.java:251)
at org.testng.remote.RemoteTestNG.main(RemoteTestNG.java:77)
]]>
    </failure>
  </testcase> <!-- JsonSchemaValidation -->
</testsuite> <!-- Default test -->
